

HI-TECH Software Macro Assembler (PIC18) V9.63PL3 build 4692 
                                                       Sat Oct 06 13:13:39 2018


     1                           
     2                           	; HI-TECH C PRO for the PIC18 MCU Family V9.63P
                                 L3
     3                           	; Copyright (C) 1984-2009 HI-TECH Software
     4                           
     5                           	; Auto-generated runtime startup code for final
                                  link stage.
     6                           
     7                           	;
     8                           	; Compiler options:
     9                           	;
    10                           	; -oMotor_Control.cof -mMotor_Control.map --sum
                                 mary=default \
    11                           	; --output=default DriveSignal.p1 LCD_PortD.p1 
                                 PortConfig.p1 \
    12                           	; Interupt.p1 --chip=18F4620 -P --runtime=defau
                                 lt --opt=default \
    13                           	; -D__DEBUG=1 -g --asmlist --errformat=Error   
                                 [%n] %f; %l.%c %s \
    14                           	; --msgformat=Advisory[%n] %s --warnformat=Warn
                                 ing [%n] %f; %l.%c %s
    15                           	;
    16                           
    17                           
    18                           	GLOBAL	_main,start,_exit
    19                           	FNROOT	_main
    20                           
    21  000000                     	pic18cxx	equ	1
    22                           
    23                           	psect	config,class=CONFIG,delta=1
    24                           	psect	idloc,class=IDLOC,delta=1
    25                           	psect	eeprom_data,class=EEDATA,delta=1
    26                           	psect	const,class=CODE,delta=1,reloc=2
    27                           	psect	smallconst,class=SMALLCONST,delta=1,reloc
                                 =2
    28                           	psect	mediumconst,class=MEDIUMCONST,delta=1,rel
                                 oc=2
    29                           	psect	rbss,class=COMRAM,space=1
    30                           	psect	bss,class=RAM,space=1
    31                           	psect	rdata,class=COMRAM,space=1
    32                           	psect	irdata,class=CODE,space=0,reloc=2
    33                           	psect	bss,class=RAM,space=1
    34                           	psect	data,class=RAM,space=1
    35                           	psect	idata,class=CODE,space=0,reloc=2
    36                           	psect	nvram,class=NVRAM,space=1
    37                           	psect	nvrram,class=COMRAM,space=1
    38                           	psect	nvbit,class=COMRAM,bit,space=1
    39                           	psect	temp,ovrld,class=COMRAM,space=1
    40                           	psect	struct,ovrld,class=COMRAM,space=1
    41                           	psect	rbit,class=COMRAM,bit,space=1
    42                           	psect	bigbss,class=BIGRAM,space=1
    43                           	psect	bigdata,class=BIGRAM,space=1
    44                           	psect	ibigdata,class=CODE,space=0,reloc=2
    45                           	psect	farbss,class=FARRAM,space=0,reloc=2,delta
                                 =1
    46                           	psect	fardata,class=FARRAM,space=0,reloc=2,delt
                                 a=1
    47                           	psect	ifardata,class=CODE,space=0,reloc=2,delta
                                 =1
    48                           
    49                           	psect	reset_vec,class=CODE,delta=1,reloc=2
    50                           	psect	powerup,class=CODE,delta=1,reloc=2
    51                           	psect	intcode,class=CODE,delta=1,reloc=2
    52                           	psect	intcodelo,class=CODE,delta=1,reloc=2
    53                           	psect	intret,class=CODE,delta=1,reloc=2
    54                           	psect	intentry,class=CODE,delta=1,reloc=2
    55                           
    56                           	psect	intsave_regs,class=BIGRAM,space=1
    57                           	psect	init,class=CODE,delta=1,reloc=2
    58                           	psect	text,class=CODE,delta=1,reloc=2
    59                           GLOBAL	intlevel0,intlevel1,intlevel2
    60  0015CE                     intlevel0:
    61  0015CE                     intlevel1:
    62  0015CE                     intlevel2:
    63                           GLOBAL	intlevel3
    64  0015CE                     intlevel3:
    65                           	psect	end_init,class=CODE,delta=1,reloc=2
    66                           	psect	clrtext,class=CODE,delta=1,reloc=2
    67                           
    68                           	psect	rparam,class=COMRAM,space=1
    69                           	psect	param0,class=BANK0,space=1
    70                           	psect	param1,class=BANK1,space=1
    71                           	psect	param2,class=BANK2,space=1
    72                           	psect	param3,class=BANK3,space=1
    73                           	psect	param4,class=BANK4,space=1
    74                           	psect	param5,class=BANK5,space=1
    75                           	psect	param6,class=BANK6,space=1
    76                           	psect	param7,class=BANK7,space=1
    77                           	psect	param8,class=BANK8,space=1
    78                           	psect	param9,class=BANK9,space=1
    79                           	psect	param10,class=BANK10,space=1
    80                           	psect	param11,class=BANK11,space=1
    81                           	psect	param12,class=BANK12,space=1
    82                           	psect	param13,class=BANK13,space=1
    83                           	psect	param14,class=BANK14,space=1
    84                           	psect	param15,class=BANK15,space=1
    85  000000                     wreg	EQU	0FE8h
    86  000000                     fsr0l	EQU	0FE9h
    87  000000                     fsr0h	EQU	0FEAh
    88  000000                     fsr1l	EQU	0FE1h
    89  000000                     fsr1h	EQU	0FE2h
    90  000000                     fsr2l	EQU	0FD9h
    91  000000                     fsr2h	EQU	0FDAh
    92  000000                     postinc0	EQU	0FEEh
    93  000000                     postdec0	EQU	0FEDh
    94  000000                     postinc1	EQU	0FE6h
    95  000000                     postdec1	EQU	0FE5h
    96  000000                     postinc2	EQU	0FDEh
    97  000000                     postdec2	EQU	0FDDh
    98  000000                     tblptrl	EQU	0FF6h
    99  000000                     tblptrh	EQU	0FF7h
   100  000000                     tblptru	EQU	0FF8h
   101  000000                     tablat		EQU	0FF5h
   102                           
   103                           	GLOBAL __accesstop
   104  000000                     __accesstop EQU 128
   105                           	PSECT	ramtop,class=RAM
   106                           	GLOBAL	__S1			; top of RAM usage
   107                           	GLOBAL	__ramtop
   108                           	GLOBAL	__LRAM,__HRAM
   109  001000                     __ramtop:
   110                           
   111                           	PSECT	reset_vec
   112  000000                     reset_pos:
   113  000000  EF0C  F000         	goto	start
   114                           
   115                           	PSECT	init
   116  000018                     start:
   117  000018                     _exit:
   118                           ; fardata psect  - 0 bytes to load
   119                           
   120                           ; farbss psect  - 0 bytes to clear
   121                           
   122                           ; bigdata psect - 0 bytes to load
   123                           
   124  000018  EE00 F000          	lfsr	0,0
   125  00001C  EE10 F011          	lfsr	1,17
   126  000020  EC14  F000         	call	clear_ram
   127                           	PSECT	end_init
   128  000024  EF47  F008         	goto	_main		;go do the main stuff
   129                           ; Clear these memory locations
   130  000028                     clear_ram:
   131  000028  6AEE               	clrf	postinc0	;clear, increment FSR0
   132  00002A  50E5               	movf	postdec1,w	;decrement loop variable
   133  00002C  50E1               	movf	fsr1l,w
   134  00002E  E1FC               	bnz	clear_ram
   135  000030  50E2               	movf	fsr1h,w
   136  000032  E1FA               	bnz	clear_ram
   137  000034  0012               	return


HI-TECH Software PICC-18 Macro Assembler V9.63PL3 build 4692 
Symbol Table                                           Sat Oct 06 13:13:39 2018

        __S1 0F00         _main 108E         _exit 0018  
       fsr1h 000FE2         fsr1l 000FE1         start 0018  
      __HRAM 0000        __LRAM 0001   __accesstop 000080  
    __ramtop 1000      postdec1 000FE5      postinc0 000FEE  
   clear_ram 0028     intlevel0 15CE     intlevel1 15CE  
   intlevel2 15CE     intlevel3 15CE     reset_pos 0000  
